<testsuites id="" name="" tests="11" failures="0" skipped="0" errors="0" time="259.140202">
<testsuite name="playwright - for nitesh\comfrt-poc\src\tests\Regression\COMFRT_Regression_mobile.spec.ts" timestamp="2025-03-25T12:05:06.020Z" hostname="" tests="11" failures="0" skipped="0" time="257.938" errors="0">
<testcase name="Validate product details_Mobile" classname="playwright - for nitesh\comfrt-poc\src\tests\Regression\COMFRT_Regression_mobile.spec.ts" time="15.445">
<properties>
<property name="slow" value="">
</property>
</properties>
<system-out>
<![CDATA[Waiting before starting next test...
Starting test now
]]>
</system-out>
</testcase>
<testcase name="Validate UpSell Product_Mobile" classname="playwright - for nitesh\comfrt-poc\src\tests\Regression\COMFRT_Regression_mobile.spec.ts" time="12.653">
<properties>
<property name="slow" value="">
</property>
</properties>
<system-out>
<![CDATA[Waiting before starting next test...
Starting test now
]]>
</system-out>
</testcase>
<testcase name="Purchase single product And Validate breadcrumb on checkout page_Mobile" classname="playwright - for nitesh\comfrt-poc\src\tests\Regression\COMFRT_Regression_mobile.spec.ts" time="20.887">
<properties>
<property name="slow" value="">
</property>
</properties>
<system-out>
<![CDATA[Waiting before starting next test...
Starting test now
Hoodies Title is present
Item PDP title is Cloud Zip Hoodie
title for Cloud Zip Hoodie in sidecart is:  Cloud Zip Hoodie
size for Cloud Zip Hoodie  item in sidecart is:  Snow | L
price for Cloud Zip Hoodie  item in sidecart is:  $39.00
discount for Cloud Zip Hoodie  item in sidecart is:  $130.00
Quantity for Cloud Zip Hoodie in sidecart is:  1
Image is present
title for Cloud Zip Hoodie  item on checkout is:  Cloud Zip Hoodie
size for Cloud Zip Hoodie  item on checkout is:  Snow / L
price for Cloud Zip Hoodie  item on checkout is:  $39.00
qty for Cloud Zip Hoodie  item on checkout is:  1
The Title is matching
The price is matching
The qty is matching
]]>
</system-out>
</testcase>
<testcase name="Purchase 2 products_Mobile" classname="playwright - for nitesh\comfrt-poc\src\tests\Regression\COMFRT_Regression_mobile.spec.ts" time="29.636">
<properties>
<property name="slow" value="">
</property>
</properties>
<system-out>
<![CDATA[Waiting before starting next test...
Starting test now
Hoodies Title is not present at all
Item PDP title is Cloud Zip Hoodie
title for Cloud Zip Hoodie in sidecart is:  Cloud Zip Hoodie
size for Cloud Zip Hoodie  item in sidecart is:  Snow | L
price for Cloud Zip Hoodie  item in sidecart is:  $39.00
discount for Cloud Zip Hoodie  item in sidecart is:  $130.00
Quantity for Cloud Zip Hoodie in sidecart is:  1
Sweatpants Title is not present at all
Item PDP title is Signature Straight Leg Sweatpants
title for Signature Straight Leg Sweatpants in sidecart is:  Signature Straight Leg Sweatpants
size for Signature Straight Leg Sweatpants  item in sidecart is:  Bark | M
price for Signature Straight Leg Sweatpants  item in sidecart is:  $29.00
discount for Signature Straight Leg Sweatpants  item in sidecart is:  $70.00
Quantity for Signature Straight Leg Sweatpants in sidecart is:  1
Image is present
title for Cloud Zip Hoodie  item on checkout is:  Cloud Zip Hoodie
size for Cloud Zip Hoodie  item on checkout is:  Snow / L
price for Cloud Zip Hoodie  item on checkout is:  $39.00
qty for Cloud Zip Hoodie  item on checkout is:  1
The Title is matching
The price is matching
The qty is matching
Image is present
title for Signature Straight Leg Sweatpants  item on checkout is:  Signature Straight Leg Sweatpants
size for Signature Straight Leg Sweatpants  item on checkout is:  Bark / M
price for Signature Straight Leg Sweatpants  item on checkout is:  $29.00
qty for Signature Straight Leg Sweatpants  item on checkout is:  1
The Title is matching
The price is matching
The qty is matching
]]>
</system-out>
</testcase>
<testcase name="Purchase product after updating qty_Mobile" classname="playwright - for nitesh\comfrt-poc\src\tests\Regression\COMFRT_Regression_mobile.spec.ts" time="27.581">
<properties>
<property name="slow" value="">
</property>
</properties>
<system-out>
<![CDATA[Waiting before starting next test...
Starting test now
Hoodies Title is present
Item PDP title is Cloud Zip Hoodie
title for Cloud Zip Hoodie in sidecart is:  Cloud Zip Hoodie
size for Cloud Zip Hoodie  item in sidecart is:  Snow | L
price for Cloud Zip Hoodie  item in sidecart is:  $39.00
discount for Cloud Zip Hoodie  item in sidecart is:  $130.00
Quantity for Cloud Zip Hoodie in sidecart is:  2
the subtotal price is $78.00
Image is present
title for Cloud Zip Hoodie  item on checkout is:  Cloud Zip Hoodie
size for Cloud Zip Hoodie  item on checkout is:  Snow / L
price for Cloud Zip Hoodie  item on checkout is:  $78.00
qty for Cloud Zip Hoodie  item on checkout is:  2
The Title is matching
The price is matching
]]>
</system-out>
</testcase>
<testcase name="Remove the only item from the side cart and validate the product purchase process is disabled_Mobile" classname="playwright - for nitesh\comfrt-poc\src\tests\Regression\COMFRT_Regression_mobile.spec.ts" time="25.074">
<properties>
<property name="slow" value="">
</property>
</properties>
<system-out>
<![CDATA[Waiting before starting next test...
Starting test now
Hoodies Title is not present at all
Item PDP title is Cloud Zip Hoodie
title for Cloud Zip Hoodie in sidecart is:  Cloud Zip Hoodie
size for Cloud Zip Hoodie  item in sidecart is:  Snow | L
price for Cloud Zip Hoodie  item in sidecart is:  $39.00
discount for Cloud Zip Hoodie  item in sidecart is:  $130.00
Quantity for Cloud Zip Hoodie in sidecart is:  1
The side cart number quantity is  Subtotal (0 item)
The number is correct
]]>
</system-out>
</testcase>
<testcase name="Remove one of the items from side cart and validate the product purchase process_Mobile" classname="playwright - for nitesh\comfrt-poc\src\tests\Regression\COMFRT_Regression_mobile.spec.ts" time="30.975">
<properties>
<property name="slow" value="">
</property>
</properties>
<system-out>
<![CDATA[Waiting before starting next test...
Starting test now
Hoodies Title is not present at all
Item PDP title is Cloud Zip Hoodie
title for Cloud Zip Hoodie in sidecart is:  Cloud Zip Hoodie
size for Cloud Zip Hoodie  item in sidecart is:  Snow | L
price for Cloud Zip Hoodie  item in sidecart is:  $39.00
discount for Cloud Zip Hoodie  item in sidecart is:  $130.00
Quantity for Cloud Zip Hoodie in sidecart is:  1
Sweatpants Title is not present at all
Item PDP title is Signature Straight Leg Sweatpants
title for Signature Straight Leg Sweatpants in sidecart is:  Signature Straight Leg Sweatpants
size for Signature Straight Leg Sweatpants  item in sidecart is:  Bark | M
price for Signature Straight Leg Sweatpants  item in sidecart is:  $29.00
discount for Signature Straight Leg Sweatpants  item in sidecart is:  $70.00
Quantity for Signature Straight Leg Sweatpants in sidecart is:  1
Image is present
title for Cloud Zip Hoodie  item on checkout is:  Cloud Zip Hoodie
size for Cloud Zip Hoodie  item on checkout is:  Snow / L
price for Cloud Zip Hoodie  item on checkout is:  $39.00
qty for Cloud Zip Hoodie  item on checkout is:  1
The Title is matching
The price is matching
]]>
</system-out>
</testcase>
<testcase name="Validate Header_Mobile" classname="playwright - for nitesh\comfrt-poc\src\tests\Regression\COMFRT_Regression_mobile.spec.ts" time="32.572">
<properties>
<property name="slow" value="">
</property>
</properties>
<system-out>
<![CDATA[Waiting before starting next test...
Starting test now
The collection links are present
Shop All collection link does not work properly
Hoodies collection link does not work properly
Sweatpants collection link does not work properly
Kids collection link works properly
Loungewear collection link works properly
Blankets collection link works properly
Pets collection link does not work properly
]]>
</system-out>
</testcase>
<testcase name="Validate AMBASSADOR PROGRAM page_Mobile" classname="playwright - for nitesh\comfrt-poc\src\tests\Regression\COMFRT_Regression_mobile.spec.ts" time="12.372">
<properties>
<property name="slow" value="">
</property>
</properties>
<system-out>
<![CDATA[Waiting before starting next test...
Starting test now
This page is not working properly
]]>
</system-out>
</testcase>
<testcase name="Verify that &quot;Sign up now&quot; button works_Mobile" classname="playwright - for nitesh\comfrt-poc\src\tests\Regression\COMFRT_Regression_mobile.spec.ts" time="16.125">
<properties>
<property name="slow" value="">
</property>
</properties>
<system-out>
<![CDATA[Waiting before starting next test...
Starting test now
]]>
</system-out>
</testcase>
<testcase name="Verify tge Footer menu links_Mobile" classname="playwright - for nitesh\comfrt-poc\src\tests\Regression\COMFRT_Regression_mobile.spec.ts" time="34.618">
<properties>
<property name="slow" value="">
</property>
</properties>
<system-out>
<![CDATA[Waiting before starting next test...
Starting test now
Comfrt Mindset Link works properly
FAQ Link works properly
Resources Link works properly
Contact Link works properly
Privacy Policy Link works properly
Terms of Service Link works properly
Pre-Order Link works properly
Refund Policy Link works properly
Pricing Policy Link works properly
Exchanges Link works properly
]]>
</system-out>
</testcase>
</testsuite>
</testsuites>
